./twosum.txt
n=1000000
1	: 2131098276	: -2131108243	: -9967
2	: -60154929460	: 60154919494	: -9966
3	: 16588915379	: -16588925253	: -9874
4	: -22650831157	: 22650821284	: -9873
5	: -30618550783	: 30618541003	: -9780
6	: 2257907345	: -2257917124	: -9779
7	: -76908695874	: 76908686187	: -9687
8	: -53372507614	: 53372497928	: -9686
9	: -44767603905	: 44767594311	: -9594
10	: -68661292628	: 68661283035	: -9593
11	: 75467182777	: -75467192278	: -9501
12	: -16489935162	: 16489925662	: -9500
13	: 86353027627	: -86353037035	: -9408
14	: -43727302060	: 43727292653	: -9407
15	: -84682296024	: 84682286709	: -9315
16	: 98129508643	: -98129517957	: -9314
17	: 2298994409	: -2299003631	: -9222
18	: -79024923118	: 79024913897	: -9221
19	: -24623679987	: 24623670859	: -9128
20	: 22840936446	: -22840945573	: -9127
21	: 59068973715	: -59068982750	: -9035
22	: 25555992278	: -25556001312	: -9034
23	: -45555264944	: 45555256002	: -8942
24	: 10675659082	: -10675668023	: -8941
25	: 53230611119	: -53230619968	: -8849
26	: -92754660078	: 92754651230	: -8848
27	: -45510065438	: 45510056682	: -8756
28	: -25778345264	: 25778336509	: -8755
29	: 85094031218	: -85094039881	: -8663
30	: 70968668149	: -70968676811	: -8662
31	: -16047031208	: 16047022638	: -8570
32	: -34197473123	: 34197464554	: -8569
33	: 281667010	: -281675487	: -8477
34	: -85075748333	: 85075739857	: -8476
35	: 35765690605	: -35765698988	: -8383
36	: -69947061860	: 69947053478	: -8382
37	: 71380987936	: -71380996226	: -8290
38	: -23656922264	: 23656913975	: -8289
39	: -49954184681	: 49954176484	: -8197
40	: 78273399909	: -78273408105	: -8196
41	: 85235239092	: -85235247196	: -8104
42	: 67388526335	: -67388534438	: -8103
43	: 60904353093	: -60904361104	: -8011
44	: -79484832743	: 79484824733	: -8010
45	: 22878720202	: -22878728120	: -7918
46	: -23919304705	: 23919296788	: -7917
47	: -2024651926	: 2024644101	: -7825
48	: 52950955439	: -52950963263	: -7824
49	: 91324190698	: -91324198429	: -7731
50	: -89511181223	: 89511173493	: -7730
51	: 11357825580	: -11357833218	: -7638
52	: -1330357651	: 1330350014	: -7637
53	: -21483198983	: 21483191438	: -7545
54	: -520374859	: 520367315	: -7544
55	: -65802908953	: 65802901501	: -7452
56	: 96497304829	: -96497312280	: -7451
57	: 47443077595	: -47443084954	: -7359
58	: -43249361098	: 43249353740	: -7358
59	: -22609158384	: 22609151118	: -7266
60	: -94112001543	: 94111994278	: -7265
61	: -30700404445	: 30700397272	: -7173
62	: -50587050594	: 50587043422	: -7172
63	: -57265672255	: 57265665175	: -7080
64	: 65354372824	: -65354379903	: -7079
65	: -28237636541	: 28237629555	: -6986
66	: -88199329557	: 88199322572	: -6985
67	: 83117794051	: -83117800944	: -6893
68	: 3078479554	: -3078486446	: -6892
69	: -82893100001	: 82893093201	: -6800
70	: -56526613681	: 56526606882	: -6799
71	: 73290441265	: -73290447972	: -6707
72	: 49344784929	: -49344791635	: -6706
73	: 34937580737	: -34937587351	: -6614
74	: -74861882988	: 74861876375	: -6613
75	: -45491257006	: 45491250485	: -6521
76	: -67106521208	: 67106514688	: -6520
77	: -2918023665	: 2918017237	: -6428
78	: -50135884039	: 50135877612	: -6427
79	: 92896134496	: -92896140830	: -6334
80	: 41079733586	: -41079739827	: -6241
81	: 27315209772	: -27315216012	: -6240
82	: -5365404164	: 5365398016	: -6148
83	: -46844711689	: 46844705542	: -6147
84	: 1136566652	: -1136572707	: -6055
85	: -71727009384	: 71727003330	: -6054
86	: 57686900886	: -57686906848	: -5962
87	: 97752432058	: -97752438019	: -5961
88	: -87890789746	: 87890783877	: -5869
89	: 55692742837	: -55692748705	: -5868
90	: 34142394146	: -34142399922	: -5776
91	: 12215216230	: -12215222005	: -5775
92	: -49928313192	: 49928307509	: -5683
93	: 21718941499	: -21718947181	: -5682
94	: -11657366768	: 11657361179	: -5589
95	: -13453813602	: 13453808014	: -5588
96	: -81574033	: 81568537	: -5496
97	: 69055242170	: -69055247665	: -5495
98	: 67729431468	: -67729436871	: -5403
99	: 52702091612	: -52702097014	: -5402
100	: 88864088891	: -88864094201	: -5310
101	: -85329399810	: 85329394501	: -5309
102	: -55011516510	: 55011511293	: -5217
103	: 80700933272	: -80700938488	: -5216
104	: -3167025142	: 3167020018	: -5124
105	: 28334644217	: -28334649340	: -5123
106	: -43973332339	: 43973327308	: -5031
107	: 80388505002	: -80388510032	: -5030
108	: -5856820805	: 5856815867	: -4938
109	: 91317072320	: -91317077257	: -4937
110	: 22740264852	: -22740269696	: -4844
111	: 91448806036	: -91448810879	: -4843
112	: 5672235277	: -5672240028	: -4751
113	: 71984009804	: -71984014554	: -4750
114	: 38493550353	: -38493555011	: -4658
115	: -3468122568	: 3468117911	: -4657
116	: 7456017428	: -7456021993	: -4565
117	: 49113501398	: -49113505962	: -4564
118	: 1024614507	: -1024618979	: -4472
119	: 38296498143	: -38296502614	: -4471
120	: -36836345279	: 36836340900	: -4379
121	: 72292140672	: -72292145050	: -4378
122	: -65392855074	: 65392850788	: -4286
123	: 96202418020	: -96202422305	: -4285
124	: 34244587148	: -34244591340	: -4192
125	: 96383525802	: -96383529993	: -4191
126	: -87059163390	: 87059159291	: -4099
127	: 38003687066	: -38003691164	: -4098
128	: 15207652335	: -15207656341	: -4006
129	: -32863251182	: 32863247177	: -4005
130	: -81696934804	: 81696930891	: -3913
131	: 35663858771	: -35663862683	: -3912
132	: -98390827328	: 98390823508	: -3820
133	: -74420313060	: 74420309241	: -3819
134	: -14985251481	: 14985247754	: -3727
135	: -28996629049	: 28996625323	: -3726
136	: -69782438768	: 69782435134	: -3634
137	: -35632202279	: 35632198646	: -3633
138	: -87608298282	: 87608294741	: -3541
139	: -13411575516	: 13411571976	: -3540
140	: 98799042030	: -98799045477	: -3447
141	: 4313662883	: -4313666329	: -3446
142	: -64225757013	: 64225753659	: -3354
143	: -15740498023	: 15740494670	: -3353
144	: -30566201700	: 30566198439	: -3261
145	: 6558577859	: -6558581119	: -3260
146	: 40123775666	: -40123778834	: -3168
147	: -39383513080	: 39383509913	: -3167
148	: -98786548153	: 98786545078	: -3075
149	: -80956304717	: 80956301643	: -3074
150	: -80425613086	: 80425610104	: -2982
151	: -25262262917	: 25262259936	: -2981
152	: -48424329120	: 48424326231	: -2889
153	: -87958289398	: 87958286510	: -2888
154	: 85490995079	: -85490997874	: -2795
155	: 94373556317	: -94373559111	: -2794
156	: 32122411547	: -32122414249	: -2702
157	: -70410491885	: 70410489184	: -2701
158	: 28042827792	: -28042830401	: -2609
159	: -62870286388	: 62870283780	: -2608
160	: 33904853804	: -33904856320	: -2516
161	: 75480026088	: -75480028603	: -2515
162	: -48732922017	: 48732919594	: -2423
163	: -34653874922	: 34653872500	: -2422
164	: -16904432568	: 16904430238	: -2330
165	: 58715753517	: -58715755846	: -2329
166	: 5550360169	: -5550362406	: -2237
167	: -91943281420	: 91943279184	: -2236
168	: -4743796823	: 4743794679	: -2144
169	: -28538507563	: 28538505420	: -2143
170	: 8456876272	: -8456878322	: -2050
171	: 34476774621	: -34476776670	: -2049
172	: -16714061572	: 16714059615	: -1957
173	: 49259684770	: -49259686726	: -1956
174	: 97367705310	: -97367707174	: -1864
175	: -7553553911	: 7553552048	: -1863
176	: 33859823240	: -33859825011	: -1771
177	: -70755720777	: 70755719007	: -1770
178	: 56533717343	: -56533719021	: -1678
179	: 78422727705	: -78422729382	: -1677
180	: -59173965436	: 59173963851	: -1585
181	: 53191535991	: -53191537575	: -1584
182	: -5826219594	: 5826218102	: -1492
183	: 92636479247	: -92636480738	: -1491
184	: 72283977164	: -72283978562	: -1398
185	: -77116906446	: 77116905049	: -1397
186	: 19762468393	: -19762469698	: -1305
187	: -74677527591	: 74677526287	: -1304
188	: 52693789895	: -52693791107	: -1212
189	: 77733947233	: -77733948444	: -1211
190	: -78227449106	: 78227447987	: -1119
191	: 21214377657	: -21214378775	: -1118
192	: -32358316767	: 32358315741	: -1026
193	: 32661633441	: -32661634466	: -1025
194	: -3405136012	: 3405135079	: -933
195	: -88863620157	: 88863619225	: -932
196	: 95858387553	: -95858388393	: -840
197	: -43218238253	: 43218237414	: -839
198	: -52250330222	: 52250329475	: -747
199	: -96852802950	: 96852802204	: -746
200	: 24336866626	: -24336867279	: -653
201	: -92802315202	: 92802314550	: -652
202	: -56761472373	: 56761471813	: -560
203	: 70670772889	: -70670773448	: -559
204	: 7715904855	: -7715905322	: -467
205	: 22943678369	: -22943678835	: -466
206	: -65609589204	: 65609588830	: -374
207	: -40784130125	: 40784129752	: -373
208	: 68755425777	: -68755426058	: -281
209	: 41840120657	: -41840120937	: -280
210	: -50046455372	: 50046455184	: -188
211	: 75748243078	: -75748243265	: -187
212	: 13449010398	: -13449010493	: -95
213	: 91409049924	: -91409050018	: -94
214	: -21044697297	: 21044697296	: -1
215	: 57815931438	: -57815931346	: 92
216	: -18959432989	: 18959433082	: 93
217	: -78463560613	: 78463560798	: 185
218	: 26007162000	: -26007161814	: 186
219	: 91355508934	: -91355508656	: 278
220	: 23215811198	: -23215810919	: 279
221	: 63366192934	: -63366192563	: 371
222	: -99574917089	: 99574917461	: 372
223	: 69363357484	: -69363357020	: 464
224	: 87380832800	: -87380832335	: 465
225	: -86847006990	: 86847007547	: 557
226	: -76607317746	: 76607318304	: 558
227	: 23614466992	: -23614466342	: 650
228	: 71150747580	: -71150746929	: 651
229	: -76001740888	: 76001741632	: 744
230	: 43947960969	: -43947960224	: 745
231	: 97554130664	: -97554129827	: 837
232	: 11544434033	: -11544433195	: 838
233	: -48632585327	: 48632586257	: 930
234	: 54626729318	: -54626728387	: 931
235	: 79862864864	: -79862863841	: 1023
236	: 8501710700	: -8501709676	: 1024
237	: 48223847871	: -48223846755	: 1116
238	: -96995926647	: 96995927764	: 1117
239	: 45858555261	: -45858554052	: 1209
240	: -83805293583	: 83805294793	: 1210
241	: 50911557185	: -50911555883	: 1302
242	: -61591850483	: 61591851786	: 1303
243	: -14277012421	: 14277013816	: 1395
244	: 90234838887	: -90234837491	: 1396
245	: 59534721895	: -59534720406	: 1489
246	: -84084745396	: 84084746886	: 1490
247	: 66984933599	: -66984932017	: 1582
248	: 78729282030	: -78729280447	: 1583
249	: 75582751806	: -75582750131	: 1675
250	: -57452604807	: 57452606483	: 1676
251	: 49406192148	: -49406190380	: 1768
252	: 71984016323	: -71984014554	: 1769
253	: -7640934414	: 7640936275	: 1861
254	: 41737626186	: -41737624324	: 1862
255	: 36260734468	: -36260732514	: 1954
256	: -70478292355	: 70478294310	: 1955
257	: 39385737077	: -39385735030	: 2047
258	: -90020804289	: 90020806337	: 2048
259	: -36935357814	: 36935359955	: 2141
260	: -87109865801	: 87109867943	: 2142
261	: -42639985468	: 42639987702	: 2234
262	: 70659349845	: -70659347610	: 2235
263	: -54249526819	: 54249529146	: 2327
264	: -85001385112	: 85001387440	: 2328
265	: -81550002835	: 81550005255	: 2420
266	: 76245990850	: -76245988429	: 2421
267	: -38682945231	: 38682947744	: 2513
268	: -94649394413	: 94649396927	: 2514
269	: 41248194659	: -41248192053	: 2606
270	: -17115763723	: 17115766330	: 2607
271	: 83142129230	: -83142126531	: 2699
272	: 3501871369	: -3501868669	: 2700
273	: -26629283246	: 26629286038	: 2792
274	: 53547695071	: -53547692278	: 2793
275	: 66070102698	: -66070099812	: 2886
276	: -57954325880	: 57954328767	: 2887
277	: -35310789820	: 35310792799	: 2979
278	: 77916150716	: -77916147736	: 2980
279	: -92281244413	: 92281247485	: 3072
280	: -33983656454	: 33983659527	: 3073
281	: -48840462021	: 48840465186	: 3165
282	: 72266530046	: -72266526880	: 3166
283	: 9726797374	: -9726794116	: 3258
284	: 23098200989	: -23098197730	: 3259
285	: 17106621673	: -17106618322	: 3351
286	: -88730467944	: 88730471296	: 3352
287	: 52260758984	: -52260755540	: 3444
288	: -91755973637	: 91755977082	: 3445
289	: 21152253505	: -21152249967	: 3538
290	: 28150668148	: -28150664609	: 3539
291	: -80834002971	: 80834006602	: 3631
292	: 87465213792	: -87465210160	: 3632
293	: -52535750323	: 52535754047	: 3724
294	: 70430768733	: -70430765008	: 3725
295	: -61413383001	: 61413386818	: 3817
296	: 99054701253	: -99054697435	: 3818
297	: 62462374643	: -62462370733	: 3910
298	: -86578913772	: 86578917683	: 3911
299	: 9042199844	: -9042195841	: 4003
300	: -84182867401	: 84182871405	: 4004
301	: -33835394278	: 33835398374	: 4096
302	: -27554189660	: 27554193757	: 4097
303	: -21562338678	: 21562342867	: 4189
304	: -1510996233	: 1511000423	: 4190
305	: 25399792997	: -25399788714	: 4283
306	: -50664683781	: 50664688065	: 4284
307	: 68438578661	: -68438574285	: 4376
308	: 92734524418	: -92734520041	: 4377
309	: 36855770804	: -36855766335	: 4469
310	: 74784936651	: -74784932181	: 4470
311	: 2253383631	: -2253379069	: 4562
312	: 56042437421	: -56042432858	: 4563
313	: 70262071103	: -70262066448	: 4655
314	: 69424844239	: -69424839583	: 4656
315	: -23870413902	: 23870418650	: 4748
316	: -16620234082	: 16620238831	: 4749
317	: -41763666246	: 41763671087	: 4841
318	: -41723117206	: 41723122048	: 4842
319	: 97367712109	: -97367707174	: 4935
320	: 29470472750	: -29470467814	: 4936
321	: -29509534282	: 29509539310	: 5028
322	: -28160041351	: 28160046380	: 5029
323	: -75120866381	: 75120871502	: 5121
324	: 48750491882	: -48750486760	: 5122
325	: 26643446053	: -26643440839	: 5214
326	: 65472921806	: -65472916591	: 5215
327	: 62119732220	: -62119726913	: 5307
328	: -63039360737	: 63039366045	: 5308
329	: -34153174486	: 34153179886	: 5400
330	: -68194301598	: 68194306999	: 5401
331	: -10758935247	: 10758940740	: 5493
332	: -16174297741	: 16174303235	: 5494
333	: 85937272191	: -85937266605	: 5586
334	: 85272433229	: -85272427642	: 5587
335	: 81303910250	: -81303904570	: 5680
336	: 40919209151	: -40919203470	: 5681
337	: -61862902326	: 61862908099	: 5773
338	: 42751640334	: -42751634560	: 5774
339	: 80217813318	: -80217807452	: 5866
340	: 84875035372	: -84875029505	: 5867
341	: -99167578854	: 99167584813	: 5959
342	: 68913319599	: -68913313639	: 5960
343	: 90860277130	: -90860271078	: 6052
344	: -26970293060	: 26970299113	: 6053
345	: 78700803489	: -78700797344	: 6145
346	: -12897126895	: 12897133041	: 6146
347	: 91951950728	: -91951944490	: 6238
348	: -52205728345	: 52205734584	: 6239
349	: 42563809707	: -42563803375	: 6332
350	: -76600774740	: 76600781165	: 6425
351	: -65292008205	: 65292014631	: 6426
352	: 11601269203	: -11601262685	: 6518
353	: -235530874	: 235537393	: 6519
354	: 81749942331	: -81749935720	: 6611
355	: 11123764194	: -11123757582	: 6612
356	: 67932374387	: -67932367683	: 6704
357	: 82294346104	: -82294339399	: 6705
358	: 5852345612	: -5852338815	: 6797
359	: 94299930331	: -94299923533	: 6798
360	: -61983815005	: 61983821895	: 6890
361	: -53982760364	: 53982767255	: 6891
362	: 91584342527	: -91584335544	: 6983
363	: -15338096170	: 15338103154	: 6984
364	: 16161873152	: -16161866075	: 7077
365	: -1731583896	: 1731590974	: 7078
366	: -57653043586	: 57653050756	: 7170
367	: 72785084775	: -72785077604	: 7171
368	: -90445937771	: 90445945034	: 7263
369	: -3278927274	: 3278934538	: 7264
370	: 1206304645	: -1206297289	: 7356
371	: 39480192186	: -39480184829	: 7357
372	: 61777679883	: -61777672434	: 7449
373	: -29690195774	: 29690203224	: 7450
374	: -81456765059	: 81456772601	: 7542
375	: 99545472487	: -99545464944	: 7543
376	: 55798134745	: -55798127110	: 7635
377	: -66152742676	: 66152750312	: 7636
378	: 19237559157	: -19237551429	: 7728
379	: -23785068339	: 23785076068	: 7729
380	: -44364479345	: 44364487167	: 7822
381	: 38562186965	: -38562179142	: 7823
382	: -77868684651	: 77868692566	: 7915
383	: -46062501588	: 46062509504	: 7916
384	: -25767908025	: 25767916033	: 8008
385	: -97293414547	: 97293422556	: 8009
386	: -39957424226	: 39957432327	: 8101
387	: -21756186114	: 21756194216	: 8102
388	: 89278851723	: -89278843529	: 8194
389	: -43249345545	: 43249353740	: 8195
390	: -87514315168	: 87514323455	: 8287
391	: 6606133890	: -6606125602	: 8288
392	: -50025425829	: 50025434209	: 8380
393	: 79662583665	: -79662575284	: 8381
394	: -37458759331	: 37458767805	: 8474
395	: 77851208941	: -77851200466	: 8475
396	: -679584081	: 679592648	: 8567
397	: -59559601806	: 59559610374	: 8568
398	: 57686915508	: -57686906848	: 8660
399	: 48732155165	: -48732146504	: 8661
400	: 37354098417	: -37354089664	: 8753
401	: 37561156385	: -37561147631	: 8754
402	: -69788423726	: 69788432572	: 8846
403	: 54858942774	: -54858933927	: 8847
404	: -18943733685	: 18943742624	: 8939
405	: -17227315399	: 17227324339	: 8940
406	: -82485291634	: 82485300666	: 9032
407	: 26267300698	: -26267291665	: 9033
408	: -96416985336	: 96416994461	: 9125
409	: -50135868486	: 50135877612	: 9126
410	: -12212076743	: 12212085962	: 9219
411	: 72616918931	: -72616909711	: 9220
412	: -18955837060	: 18955846372	: 9312
413	: 91625661492	: -91625652179	: 9313
414	: 46591202982	: -46591193577	: 9405
415	: 90330808512	: -90330799106	: 9406
416	: 77156726539	: -77156717041	: 9498
417	: -74580674514	: 74580684013	: 9499
418	: -31307891725	: 31307901316	: 9591
419	: 30899821469	: -30899811877	: 9592
420	: -78187443493	: 78187453177	: 9684
421	: 64955167735	: -64955158050	: 9685
422	: -5649184672	: 5649194449	: 9777
423	: -76659778961	: 76659788739	: 9778
424	: -52535744176	: 52535754047	: 9871
425	: -18043747413	: 18043757285	: 9872
426	: 22597841882	: -22597831918	: 9964
427	: 60076559782	: -60076549817	: 9965
total: 427: 427
